<?xml version="1.0" encoding="UTF-8"?>
<!-- Generated by org.testng.reporters.JUnitReportReporter -->
<testsuite skipped="0" hostname="DESKTOP-Q1GA0HR" name="com.j2wassignment.test.PrintTestResults" tests="3" failures="0" timestamp="2023-01-21T16:44:12 IST" time="0.499" errors="0">
  <testcase name="printAllTestSuiteNames" time="0.221" classname="com.j2wassignment.test.PrintTestResults"/>
  <system-out/>
  <testcase name="printAllTestResultDetails" time="0.265" classname="com.j2wassignment.test.PrintTestResults"/>
  <system-out/>
  <testcase name="printAllTestsGreaterThanDuration" time="0.013" classname="com.j2wassignment.test.PrintTestResults"/>
  <system-out/>
</testsuite> <!-- com.j2wassignment.test.PrintTestResults -->
